running
  '/sw/hgcc/Pkgs/R/3.4.3/lib64/R/bin/R --slave --no-restore --no-save --no-restore --file=/home/jyang/GIT/BGW-TWAS/bin/Mstep.R --args /home/jyang/GIT/BGW-TWAS/Example/ExampleWorkDir/ABCA7_EM_MCMC/Eoutput/hyptemp0.txt 0 1e-6 0.1 /home/jyang/GIT/BGW-TWAS/Example/ExampleWorkDir/ABCA7_EM_MCMC/Eoutput/EM_result.txt /home/jyang/GIT/BGW-TWAS/Example/ExampleWorkDir/ABCA7_EM_MCMC/hypval.current MCMC'

── Attaching packages ────────────────────────────────── tidyverse 1.2.1.9000 ──
✔ ggplot2 3.2.1     ✔ purrr   0.3.3
✔ tibble  2.1.3     ✔ dplyr   0.8.3
✔ tidyr   1.0.0     ✔ stringr 1.4.0
✔ readr   1.3.1     ✔ forcats 0.4.0
── Conflicts ────────────────────────────────────────── tidyverse_conflicts() ──
✖ dplyr::between()   masks data.table::between()
✖ dplyr::first()     masks data.table::first()
✖ dplyr::last()      masks data.table::last()
✖ purrr::transpose() masks data.table::transpose()
Loading required package: scales

Attaching package: ‘scales’

The following object is masked from ‘package:purrr’:

    discard

The following object is masked from ‘package:readr’:

    col_factor

running
  '/sw/hgcc/Pkgs/R/3.4.3/lib64/R/bin/R --slave --no-restore --no-save --no-restore --file=/home/jyang/GIT/BGW-TWAS/bin/Mstep.R --args /home/jyang/GIT/BGW-TWAS/Example/ExampleWorkDir/ABCA7_EM_MCMC/Eoutput/hyptemp1.txt 1 1e-6 0.1 /home/jyang/GIT/BGW-TWAS/Example/ExampleWorkDir/ABCA7_EM_MCMC/Eoutput/EM_result.txt /home/jyang/GIT/BGW-TWAS/Example/ExampleWorkDir/ABCA7_EM_MCMC/hypval.current MCMC'

── Attaching packages ────────────────────────────────── tidyverse 1.2.1.9000 ──
✔ ggplot2 3.2.1     ✔ purrr   0.3.3
✔ tibble  2.1.3     ✔ dplyr   0.8.3
✔ tidyr   1.0.0     ✔ stringr 1.4.0
✔ readr   1.3.1     ✔ forcats 0.4.0
── Conflicts ────────────────────────────────────────── tidyverse_conflicts() ──
✖ dplyr::between()   masks data.table::between()
✖ dplyr::first()     masks data.table::first()
✖ dplyr::last()      masks data.table::last()
✖ purrr::transpose() masks data.table::transpose()
Loading required package: scales

Attaching package: ‘scales’

The following object is masked from ‘package:purrr’:

    discard

The following object is masked from ‘package:readr’:

    col_factor

running
  '/sw/hgcc/Pkgs/R/3.4.3/lib64/R/bin/R --slave --no-restore --no-save --no-restore --file=/home/jyang/GIT/BGW-TWAS/bin/Mstep.R --args /home/jyang/GIT/BGW-TWAS/Example/ExampleWorkDir/ABCA7_EM_MCMC/Eoutput/hyptemp2.txt 2 1e-6 0.1 /home/jyang/GIT/BGW-TWAS/Example/ExampleWorkDir/ABCA7_EM_MCMC/Eoutput/EM_result.txt /home/jyang/GIT/BGW-TWAS/Example/ExampleWorkDir/ABCA7_EM_MCMC/hypval.current MCMC'

── Attaching packages ────────────────────────────────── tidyverse 1.2.1.9000 ──
✔ ggplot2 3.2.1     ✔ purrr   0.3.3
✔ tibble  2.1.3     ✔ dplyr   0.8.3
✔ tidyr   1.0.0     ✔ stringr 1.4.0
✔ readr   1.3.1     ✔ forcats 0.4.0
── Conflicts ────────────────────────────────────────── tidyverse_conflicts() ──
✖ dplyr::between()   masks data.table::between()
✖ dplyr::first()     masks data.table::first()
✖ dplyr::last()      masks data.table::last()
✖ purrr::transpose() masks data.table::transpose()
Loading required package: scales

Attaching package: ‘scales’

The following object is masked from ‘package:purrr’:

    discard

The following object is masked from ‘package:readr’:

    col_factor

running
  '/sw/hgcc/Pkgs/R/3.4.3/lib64/R/bin/R --slave --no-restore --no-save --no-restore --file=/home/jyang/GIT/BGW-TWAS/bin/Mstep.R --args /home/jyang/GIT/BGW-TWAS/Example/ExampleWorkDir/ABCA7_EM_MCMC/Eoutput/hyptemp3.txt 3 1e-6 0.1 /home/jyang/GIT/BGW-TWAS/Example/ExampleWorkDir/ABCA7_EM_MCMC/Eoutput/EM_result.txt /home/jyang/GIT/BGW-TWAS/Example/ExampleWorkDir/ABCA7_EM_MCMC/hypval.current MCMC'

── Attaching packages ────────────────────────────────── tidyverse 1.2.1.9000 ──
✔ ggplot2 3.2.1     ✔ purrr   0.3.3
✔ tibble  2.1.3     ✔ dplyr   0.8.3
✔ tidyr   1.0.0     ✔ stringr 1.4.0
✔ readr   1.3.1     ✔ forcats 0.4.0
── Conflicts ────────────────────────────────────────── tidyverse_conflicts() ──
✖ dplyr::between()   masks data.table::between()
✖ dplyr::first()     masks data.table::first()
✖ dplyr::last()      masks data.table::last()
✖ purrr::transpose() masks data.table::transpose()
Loading required package: scales

Attaching package: ‘scales’

The following object is masked from ‘package:purrr’:

    discard

The following object is masked from ‘package:readr’:

    col_factor

running
  '/sw/hgcc/Pkgs/R/3.4.3/lib64/R/bin/R --slave --no-restore --no-save --no-restore --file=/home/jyang/GIT/BGW-TWAS/bin/Mstep.R --args /home/jyang/GIT/BGW-TWAS/Example/ExampleWorkDir/ABCA7_EM_MCMC/Eoutput/hyptemp4.txt 4 1e-6 0.1 /home/jyang/GIT/BGW-TWAS/Example/ExampleWorkDir/ABCA7_EM_MCMC/Eoutput/EM_result.txt /home/jyang/GIT/BGW-TWAS/Example/ExampleWorkDir/ABCA7_EM_MCMC/hypval.current MCMC'

── Attaching packages ────────────────────────────────── tidyverse 1.2.1.9000 ──
✔ ggplot2 3.2.1     ✔ purrr   0.3.3
✔ tibble  2.1.3     ✔ dplyr   0.8.3
✔ tidyr   1.0.0     ✔ stringr 1.4.0
✔ readr   1.3.1     ✔ forcats 0.4.0
── Conflicts ────────────────────────────────────────── tidyverse_conflicts() ──
✖ dplyr::between()   masks data.table::between()
✖ dplyr::first()     masks data.table::first()
✖ dplyr::last()      masks data.table::last()
✖ purrr::transpose() masks data.table::transpose()
Loading required package: scales

Attaching package: ‘scales’

The following object is masked from ‘package:purrr’:

    discard

The following object is masked from ‘package:readr’:

    col_factor

running
  '/sw/hgcc/Pkgs/R/3.4.3/lib64/R/bin/R --slave --no-restore --no-save --no-restore --file=/home/jyang/GIT/BGW-TWAS/bin/Mstep.R --args /home/jyang/GIT/BGW-TWAS/Example/ExampleWorkDir/ABCA7_EM_MCMC/Eoutput/hyptemp5.txt 5 1e-6 0.1 /home/jyang/GIT/BGW-TWAS/Example/ExampleWorkDir/ABCA7_EM_MCMC/Eoutput/EM_result.txt /home/jyang/GIT/BGW-TWAS/Example/ExampleWorkDir/ABCA7_EM_MCMC/hypval.current MCMC'

── Attaching packages ────────────────────────────────── tidyverse 1.2.1.9000 ──
✔ ggplot2 3.2.1     ✔ purrr   0.3.3
✔ tibble  2.1.3     ✔ dplyr   0.8.3
✔ tidyr   1.0.0     ✔ stringr 1.4.0
✔ readr   1.3.1     ✔ forcats 0.4.0
── Conflicts ────────────────────────────────────────── tidyverse_conflicts() ──
✖ dplyr::between()   masks data.table::between()
✖ dplyr::first()     masks data.table::first()
✖ dplyr::last()      masks data.table::last()
✖ purrr::transpose() masks data.table::transpose()
Loading required package: scales

Attaching package: ‘scales’

The following object is masked from ‘package:purrr’:

    discard

The following object is masked from ‘package:readr’:

    col_factor

